<?xml version="1.0" encoding="UTF-8"?>
<!-- Generated by org.testng.reporters.JUnitReportReporter -->
<testsuite skipped="0" hostname="Navdeep-Laptop" name="TestNG.DriverDemo" tests="1" failures="0" timestamp="2020-09-19T16:19:12 IST" time="23.284" errors="1">
  <testcase name="Launch" time="23.284" classname="TestNG.DriverDemo">
    <error type="org.openqa.selenium.SessionNotCreatedException" message="session not created: This version of ChromeDriver only supports Chrome version 83
Build info: version: &#039;3.141.59&#039;, revision: &#039;e82be7d358&#039;, time: &#039;2018-11-14T08:25:48&#039;
System info: host: &#039;NAVDEEP-LAPTOP&#039;, ip: &#039;192.168.100.171&#039;, os.name: &#039;Windows 7&#039;, os.arch: &#039;amd64&#039;, os.version: &#039;6.1&#039;, java.version: &#039;1.8.0_144&#039;
Driver info: driver.version: ChromeDriver
remote stacktrace: Backtrace:
	Ordinal0 [0x01499563+2725219]
	Ordinal0 [0x01398551+1672529]
	Ordinal0 [0x01280359+525145]
	Ordinal0 [0x01210B77+68471]
	Ordinal0 [0x0120D32C+54060]
	Ordinal0 [0x0122CC37+183351]
	Ordinal0 [0x0122CA3D+182845]
	Ordinal0 [0x0122A94B+174411]
	Ordinal0 [0x01212528+75048]
	Ordinal0 [0x012135A0+79264]
	Ordinal0 [0x01213539+79161]
	Ordinal0 [0x013AD607+1758727]
	GetHandleVerifier [0x015B6546+1050150]
	GetHandleVerifier [0x015B6291+1049457]
	GetHandleVerifier [0x015C10D7+1094071]
	GetHandleVerifier [0x015B6B46+1051686]
	Ordinal0 [0x013A5B06+1727238]
	Ordinal0 [0x013AEB7B+1764219]
	Ordinal0 [0x013AECE3+1764579]
	Ordinal0 [0x013C4C05+1854469]
	BaseThreadInitThunk [0x74DB343D+18]
	RtlInitializeExceptionChain [0x77169812+99]
	RtlInitializeExceptionChain [0x771697E5+54]
">
      <![CDATA[org.openqa.selenium.SessionNotCreatedException: session not created: This version of ChromeDriver only supports Chrome version 83
Build info: version: '3.141.59', revision: 'e82be7d358', time: '2018-11-14T08:25:48'
System info: host: 'NAVDEEP-LAPTOP', ip: '192.168.100.171', os.name: 'Windows 7', os.arch: 'amd64', os.version: '6.1', java.version: '1.8.0_144'
Driver info: driver.version: ChromeDriver
remote stacktrace: Backtrace:
Ordinal0 [0x01499563+2725219]
Ordinal0 [0x01398551+1672529]
Ordinal0 [0x01280359+525145]
Ordinal0 [0x01210B77+68471]
Ordinal0 [0x0120D32C+54060]
Ordinal0 [0x0122CC37+183351]
Ordinal0 [0x0122CA3D+182845]
Ordinal0 [0x0122A94B+174411]
Ordinal0 [0x01212528+75048]
Ordinal0 [0x012135A0+79264]
Ordinal0 [0x01213539+79161]
Ordinal0 [0x013AD607+1758727]
GetHandleVerifier [0x015B6546+1050150]
GetHandleVerifier [0x015B6291+1049457]
GetHandleVerifier [0x015C10D7+1094071]
GetHandleVerifier [0x015B6B46+1051686]
Ordinal0 [0x013A5B06+1727238]
Ordinal0 [0x013AEB7B+1764219]
Ordinal0 [0x013AECE3+1764579]
Ordinal0 [0x013C4C05+1854469]
BaseThreadInitThunk [0x74DB343D+18]
RtlInitializeExceptionChain [0x77169812+99]
RtlInitializeExceptionChain [0x771697E5+54]

at sun.reflect.NativeConstructorAccessorImpl.newInstance0(Native Method)
at sun.reflect.NativeConstructorAccessorImpl.newInstance(NativeConstructorAccessorImpl.java:62)
at sun.reflect.DelegatingConstructorAccessorImpl.newInstance(DelegatingConstructorAccessorImpl.java:45)
at java.lang.reflect.Constructor.newInstance(Constructor.java:423)
at org.openqa.selenium.remote.W3CHandshakeResponse.lambda$errorHandler$0(W3CHandshakeResponse.java:62)
at org.openqa.selenium.remote.HandshakeResponse.lambda$getResponseFunction$0(HandshakeResponse.java:30)
at org.openqa.selenium.remote.ProtocolHandshake.lambda$createSession$0(ProtocolHandshake.java:126)
at java.util.stream.ReferencePipeline$3$1.accept(ReferencePipeline.java:193)
at java.util.Spliterators$ArraySpliterator.tryAdvance(Spliterators.java:958)
at java.util.stream.ReferencePipeline.forEachWithCancel(ReferencePipeline.java:126)
at java.util.stream.AbstractPipeline.copyIntoWithCancel(AbstractPipeline.java:498)
at java.util.stream.AbstractPipeline.copyInto(AbstractPipeline.java:485)
at java.util.stream.AbstractPipeline.wrapAndCopyInto(AbstractPipeline.java:471)
at java.util.stream.FindOps$FindOp.evaluateSequential(FindOps.java:152)
at java.util.stream.AbstractPipeline.evaluate(AbstractPipeline.java:234)
at java.util.stream.ReferencePipeline.findFirst(ReferencePipeline.java:464)
at org.openqa.selenium.remote.ProtocolHandshake.createSession(ProtocolHandshake.java:128)
at org.openqa.selenium.remote.ProtocolHandshake.createSession(ProtocolHandshake.java:74)
at org.openqa.selenium.remote.HttpCommandExecutor.execute(HttpCommandExecutor.java:136)
at org.openqa.selenium.remote.service.DriverCommandExecutor.execute(DriverCommandExecutor.java:83)
at org.openqa.selenium.remote.RemoteWebDriver.execute(RemoteWebDriver.java:552)
at org.openqa.selenium.remote.RemoteWebDriver.startSession(RemoteWebDriver.java:213)
at org.openqa.selenium.remote.RemoteWebDriver.<init>(RemoteWebDriver.java:131)
at org.openqa.selenium.chrome.ChromeDriver.<init>(ChromeDriver.java:181)
at org.openqa.selenium.chrome.ChromeDriver.<init>(ChromeDriver.java:168)
at org.openqa.selenium.chrome.ChromeDriver.<init>(ChromeDriver.java:123)
at TestNG.DriverDemo.Launch(DriverDemo.java:18)
at sun.reflect.NativeMethodAccessorImpl.invoke0(Native Method)
at sun.reflect.NativeMethodAccessorImpl.invoke(NativeMethodAccessorImpl.java:62)
at sun.reflect.DelegatingMethodAccessorImpl.invoke(DelegatingMethodAccessorImpl.java:43)
at java.lang.reflect.Method.invoke(Method.java:498)
at org.testng.internal.MethodInvocationHelper.invokeMethod(MethodInvocationHelper.java:135)
at org.testng.internal.MethodInvocationHelper.invokeMethodConsideringTimeout(MethodInvocationHelper.java:64)
at org.testng.internal.ConfigInvoker.invokeConfigurationMethod(ConfigInvoker.java:364)
at org.testng.internal.ConfigInvoker.invokeConfigurations(ConfigInvoker.java:318)
at org.testng.SuiteRunner.privateRun(SuiteRunner.java:327)
at org.testng.SuiteRunner.run(SuiteRunner.java:286)
at org.testng.SuiteRunnerWorker.runSuite(SuiteRunnerWorker.java:53)
at org.testng.SuiteRunnerWorker.run(SuiteRunnerWorker.java:96)
at org.testng.TestNG.runSuitesSequentially(TestNG.java:1214)
at org.testng.TestNG.runSuitesLocally(TestNG.java:1136)
at org.testng.TestNG.runSuites(TestNG.java:1066)
at org.testng.TestNG.run(TestNG.java:1034)
at org.testng.remote.AbstractRemoteTestNG.run(AbstractRemoteTestNG.java:115)
at org.testng.remote.RemoteTestNG.initAndRun(RemoteTestNG.java:251)
at org.testng.remote.RemoteTestNG.main(RemoteTestNG.java:77)
]]>
    </error>
  </testcase> <!-- Launch -->
  <system-out/>
</testsuite> <!-- TestNG.DriverDemo -->
